#
# There is insufficient memory for the Java Runtime Environment to continue.
# Native memory allocation (mmap) failed to map 260046848 bytes for G1 virtual space
# Possible reasons:
#   The system is out of physical RAM or swap space
#   The process is running with CompressedOops enabled, and the Java Heap may be blocking the growth of the native heap
# Possible solutions:
#   Reduce memory load on the system
#   Increase physical memory or swap space
#   Check if swap backing store is full
#   Decrease Java heap size (-Xmx/-Xms)
#   Decrease number of Java threads
#   Decrease Java thread stack sizes (-Xss)
#   Set larger code cache with -XX:ReservedCodeCacheSize=
#   JVM is running with Zero Based Compressed Oops mode in which the Java heap is
#     placed in the first 32GB address space. The Java Heap base address is the
#     maximum limit for the native heap growth. Please use -XX:HeapBaseMinAddress
#     to set the Java Heap base and to place the Java Heap above 32GB virtual address.
# This output file may be truncated or incomplete.
#
#  Out of Memory Error (os_windows.cpp:3541), pid=42364, tid=53464
#
# JRE version:  (17.0.4.1+1) (build )
# Java VM: OpenJDK 64-Bit Server VM (17.0.4.1+1, mixed mode, sharing, tiered, compressed oops, compressed class ptrs, g1 gc, windows-amd64)
# No core dump will be written. Minidumps are not enabled by default on client versions of Windows
#

---------------  S U M M A R Y ------------

Command Line: -Dfile.encoding=UTF-8 --module-path=C:\Users\igalav\eclipse-workspace\Programs\bin -XX:+ShowCodeDetailsInExceptionMessages -Djdk.module.main=Programs Programs/com.java.learning.MinAndMaxArr

Host: 11th Gen Intel(R) Core(TM) i5-1145G7 @ 2.60GHz, 8 cores, 15G,  Windows 11 , 64 bit Build 22000 (10.0.22000.1219)
Time: Mon Dec 12 15:02:33 2022 India Standard Time elapsed time: 0.027795 seconds (0d 0h 0m 0s)

---------------  T H R E A D  ---------------

Current thread (0x0000018cb6061f00):  JavaThread "Unknown thread" [_thread_in_vm, id=53464, stack(0x0000003bf5400000,0x0000003bf5500000)]

Stack: [0x0000003bf5400000,0x0000003bf5500000]
Native frames: (J=compiled Java code, j=interpreted, Vv=VM code, C=native code)
V  [jvm.dll+0x67731a]
V  [jvm.dll+0x832284]
V  [jvm.dll+0x833a2e]
V  [jvm.dll+0x834093]
V  [jvm.dll+0x245775]
V  [jvm.dll+0x674209]
V  [jvm.dll+0x668a92]
V  [jvm.dll+0x30471b]
V  [jvm.dll+0x30bc66]
V  [jvm.dll+0x35ba9e]
V  [jvm.dll+0x35bccf]
V  [jvm.dll+0x2db5b8]
V  [jvm.dll+0x2dc524]
V  [jvm.dll+0x803db1]
V  [jvm.dll+0x3698f1]
V  [jvm.dll+0x7e31bc]
V  [jvm.dll+0x3ec25f]
V  [jvm.dll+0x3edde1]
C  [jli.dll+0x5277]
C  [ucrtbase.dll+0x26c0c]
C  [KERNEL32.DLL+0x15550]
C  [ntdll.dll+0x485b]


---------------  P R O C E S S  ---------------

Threads class SMR info:
_java_thread_list=0x00007ff9588f4e98, length=0, elements={
}

Java Threads: ( => current thread )

Other Threads:
  0x0000018cb60cb0b0 GCTaskThread "GC Thread#0" [stack: 0x0000003bf5500000,0x0000003bf5600000] [id=41864]
  0x0000018cb60dc7b0 ConcurrentGCThread "G1 Main Marker" [stack: 0x0000003bf5600000,0x0000003bf5700000] [id=55192]
  0x0000018cb60ddd30 ConcurrentGCThread "G1 Conc#0" [stack: 0x0000003bf5700000,0x0000003bf5800000] [id=22832]

[error occurred during error reporting (printing all threads), id 0xc0000005, EXCEPTION_ACCESS_VIOLATION (0xc0000005) at pc=0x00007ff9580cc047]

VM state: not at safepoint (not fully initialized)

VM Mutex/Monitor currently owned by a thread:  ([mutex/lock_event])
[0x0000018cb605f010] Heap_lock - owner thread: 0x0000018cb6061f00

Heap address: 0x0000000709a00000, size: 3942 MB, Compressed Oops mode: Zero based, Oop shift amount: 3

CDS archive(s) mapped at: [0x0000000000000000-0x0000000000000000-0x0000000000000000), size 0, SharedBaseAddress: 0x0000000800000000, ArchiveRelocationMode: 0.
Narrow klass base: 0x0000000000000000, Narrow klass shift: 0, Narrow klass range: 0x0

GC Precious Log:
<Empty>

Heap:
 garbage-first heap   total 0K, used 0K [0x0000000709a00000, 0x0000000800000000)
  region size 2048K, 0 young (0K), 0 survivors (0K)

[error occurred during error reporting (printing heap information), id 0xc0000005, EXCEPTION_ACCESS_VIOLATION (0xc0000005) at pc=0x00007ff9584b0699]

GC Heap History (0 events):
No events

Deoptimization events (0 events):
No events

Classes unloaded (0 events):
No events

Classes redefined (0 events):
No events

Internal exceptions (0 events):
No events

VM Operations (0 events):
No events

Events (1 events):
Event: 0.022 Loaded shared library C:\Users\igalav\eclipse\plugins\org.eclipse.justj.openjdk.hotspot.jre.full.win32.x86_64_17.0.4.v20220903-1038\jre\bin\java.dll


Dynamic libraries:
0x00007ff709bf0000 - 0x00007ff709bfe000 	C:\Users\igalav\eclipse\plugins\org.eclipse.justj.openjdk.hotspot.jre.full.win32.x86_64_17.0.4.v20220903-1038\jre\bin\javaw.exe
0x00007ff9c3bc0000 - 0x00007ff9c3dc9000 	C:\WINDOWS\SYSTEM32\ntdll.dll
0x00007ff9c1ef0000 - 0x00007ff9c1fae000 	C:\WINDOWS\System32\KERNEL32.DLL
0x00007ff9c1290000 - 0x00007ff9c160b000 	C:\WINDOWS\System32\KERNELBASE.dll
0x00007ff9c18a0000 - 0x00007ff9c19b1000 	C:\WINDOWS\System32\ucrtbase.dll
0x00007ff9ba650000 - 0x00007ff9ba668000 	C:\Users\igalav\eclipse\plugins\org.eclipse.justj.openjdk.hotspot.jre.full.win32.x86_64_17.0.4.v20220903-1038\jre\bin\jli.dll
0x00007ff9b7c70000 - 0x00007ff9b7c89000 	C:\Users\igalav\eclipse\plugins\org.eclipse.justj.openjdk.hotspot.jre.full.win32.x86_64_17.0.4.v20220903-1038\jre\bin\VCRUNTIME140.dll
0x00007ff9c3840000 - 0x00007ff9c39ed000 	C:\WINDOWS\System32\USER32.dll
0x00007ff9c1090000 - 0x00007ff9c10b6000 	C:\WINDOWS\System32\win32u.dll
0x00007ff9c2900000 - 0x00007ff9c2929000 	C:\WINDOWS\System32\GDI32.dll
0x00007ff9a4a60000 - 0x00007ff9a4d05000 	C:\WINDOWS\WinSxS\amd64_microsoft.windows.common-controls_6595b64144ccf1df_6.0.22000.120_none_9d947278b86cc467\COMCTL32.dll
0x00007ff9c1610000 - 0x00007ff9c1728000 	C:\WINDOWS\System32\gdi32full.dll
0x00007ff9c1e40000 - 0x00007ff9c1ee3000 	C:\WINDOWS\System32\msvcrt.dll
0x00007ff9c10c0000 - 0x00007ff9c115d000 	C:\WINDOWS\System32\msvcp_win.dll
0x00007ff9c3b40000 - 0x00007ff9c3b72000 	C:\WINDOWS\System32\IMM32.DLL
0x0000018cb4820000 - 0x0000018cb4834000 	C:\WINDOWS\System32\umppc16207.dll
0x00007ff9bfdc0000 - 0x00007ff9bfed0000 	C:\Program Files\Avecto\Privilege Guard Client\PGHook.dll
0x00007ff9ba640000 - 0x00007ff9ba64c000 	C:\Users\igalav\eclipse\plugins\org.eclipse.justj.openjdk.hotspot.jre.full.win32.x86_64_17.0.4.v20220903-1038\jre\bin\vcruntime140_1.dll
0x00007ff9ad1a0000 - 0x00007ff9ad231000 	C:\Users\igalav\eclipse\plugins\org.eclipse.justj.openjdk.hotspot.jre.full.win32.x86_64_17.0.4.v20220903-1038\jre\bin\msvcp140.dll
0x00007ff957de0000 - 0x00007ff958a26000 	C:\Users\igalav\eclipse\plugins\org.eclipse.justj.openjdk.hotspot.jre.full.win32.x86_64_17.0.4.v20220903-1038\jre\bin\server\jvm.dll
0x00007ff9c3a70000 - 0x00007ff9c3b1e000 	C:\WINDOWS\System32\ADVAPI32.dll
0x00007ff9c2a00000 - 0x00007ff9c2a9e000 	C:\WINDOWS\System32\sechost.dll
0x00007ff9c1b60000 - 0x00007ff9c1c80000 	C:\WINDOWS\System32\RPCRT4.dll
0x00007ff9c2040000 - 0x00007ff9c2048000 	C:\WINDOWS\System32\PSAPI.DLL
0x00007ff9b70b0000 - 0x00007ff9b70b9000 	C:\WINDOWS\SYSTEM32\WSOCK32.dll
0x00007ff9c3260000 - 0x00007ff9c32cf000 	C:\WINDOWS\System32\WS2_32.dll
0x00007ff9b6fa0000 - 0x00007ff9b6fd3000 	C:\WINDOWS\SYSTEM32\WINMM.dll
0x00007ff9b6b70000 - 0x00007ff9b6b7a000 	C:\WINDOWS\SYSTEM32\VERSION.dll
0x00007ff9c00e0000 - 0x00007ff9c00f8000 	C:\WINDOWS\SYSTEM32\kernel.appcore.dll
0x00007ff9ba630000 - 0x00007ff9ba63a000 	C:\Users\igalav\eclipse\plugins\org.eclipse.justj.openjdk.hotspot.jre.full.win32.x86_64_17.0.4.v20220903-1038\jre\bin\jimage.dll
0x00007ff9be630000 - 0x00007ff9be851000 	C:\WINDOWS\SYSTEM32\DBGHELP.DLL
0x00007ff9a7f00000 - 0x00007ff9a7f31000 	C:\WINDOWS\SYSTEM32\dbgcore.DLL
0x00007ff9c19c0000 - 0x00007ff9c1a3f000 	C:\WINDOWS\System32\bcryptPrimitives.dll
0x00007ff9ac080000 - 0x00007ff9ac0a5000 	C:\Users\igalav\eclipse\plugins\org.eclipse.justj.openjdk.hotspot.jre.full.win32.x86_64_17.0.4.v20220903-1038\jre\bin\java.dll

dbghelp: loaded successfully - version: 4.0.5 - missing functions: none
symbol engine: initialized successfully - sym options: 0x614 - pdb path: .;C:\Users\igalav\eclipse\plugins\org.eclipse.justj.openjdk.hotspot.jre.full.win32.x86_64_17.0.4.v20220903-1038\jre\bin;C:\WINDOWS\SYSTEM32;C:\WINDOWS\WinSxS\amd64_microsoft.windows.common-controls_6595b64144ccf1df_6.0.22000.120_none_9d947278b86cc467;C:\Program Files\Avecto\Privilege Guard Client;C:\Users\igalav\eclipse\plugins\org.eclipse.justj.openjdk.hotspot.jre.full.win32.x86_64_17.0.4.v20220903-1038\jre\bin\server

VM Arguments:
jvm_args: -Dfile.encoding=UTF-8 --module-path=C:\Users\igalav\eclipse-workspace\Programs\bin -XX:+ShowCodeDetailsInExceptionMessages -Djdk.module.main=Programs 
java_command: Programs/com.java.learning.MinAndMaxArr
java_class_path (initial): <not set>
Launcher Type: SUN_STANDARD

[Global flags]
     intx CICompilerCount                          = 4                                         {product} {ergonomic}
     uint ConcGCThreads                            = 2                                         {product} {ergonomic}
     uint G1ConcRefinementThreads                  = 8                                         {product} {ergonomic}
   size_t G1HeapRegionSize                         = 2097152                                   {product} {ergonomic}
    uintx GCDrainStackTargetSize                   = 64                                        {product} {ergonomic}
   size_t InitialHeapSize                          = 260046848                                 {product} {ergonomic}
   size_t MarkStackSize                            = 4194304                                   {product} {ergonomic}
   size_t MaxHeapSize                              = 4133486592                                {product} {ergonomic}
   size_t MinHeapDeltaBytes                        = 2097152                                   {product} {ergonomic}
   size_t MinHeapSize                              = 8388608                                   {product} {ergonomic}
    uintx NonNMethodCodeHeapSize                   = 5839372                                {pd product} {ergonomic}
    uintx NonProfiledCodeHeapSize                  = 122909434                              {pd product} {ergonomic}
    uintx ProfiledCodeHeapSize                     = 122909434                              {pd product} {ergonomic}
    uintx ReservedCodeCacheSize                    = 251658240                              {pd product} {ergonomic}
     bool SegmentedCodeCache                       = true                                      {product} {ergonomic}
     bool ShowCodeDetailsInExceptionMessages       = true                                   {manageable} {command line}
   size_t SoftMaxHeapSize                          = 4133486592                             {manageable} {ergonomic}
     bool UseCompressedClassPointers               = true                           {product lp64_product} {ergonomic}
     bool UseCompressedOops                        = true                           {product lp64_product} {ergonomic}
     bool UseG1GC                                  = true                                      {product} {ergonomic}
     bool UseLargePagesIndividualAllocation        = false                                  {pd product} {ergonomic}

Logging:
Log output configuration:
 #0: stdout all=warning uptime,level,tags
 #1: stderr all=off uptime,level,tags

Environment Variables:
PATH=C:/Users/igalav/eclipse//plugins/org.eclipse.justj.openjdk.hotspot.jre.full.win32.x86_64_17.0.4.v20220903-1038/jre/bin/server;C:/Users/igalav/eclipse//plugins/org.eclipse.justj.openjdk.hotspot.jre.full.win32.x86_64_17.0.4.v20220903-1038/jre/bin;C:\Program Files\Eclipse Foundation\jdk-11.0.12.7-hotspot\bin;C:\WINDOWS\system32;C:\WINDOWS;C:\WINDOWS\System32\Wbem;C:\WINDOWS\System32\WindowsPowerShell\v1.0\;C:\WINDOWS\System32\OpenSSH\;C:\Program Files\dotnet\;C:\Users\igalav\AppData\Local\Microsoft\WindowsApps;;C:\Users\igalav\eclipse;
USERNAME=igalav
OS=Windows_NT
PROCESSOR_IDENTIFIER=Intel64 Family 6 Model 140 Stepping 1, GenuineIntel
TMP=C:\Users\igalav\AppData\Local\Temp
TEMP=C:\Users\igalav\AppData\Local\Temp



---------------  S Y S T E M  ---------------

OS:
 Windows 11 , 64 bit Build 22000 (10.0.22000.1219)
OS uptime: 7 days 1:45 hours

CPU: total 8 (initial active 8) (4 cores per cpu, 2 threads per core) family 6 model 140 stepping 1 microcode 0xa4, cx8, cmov, fxsr, ht, mmx, 3dnowpref, sse, sse2, sse3, ssse3, sse4.1, sse4.2, popcnt, lzcnt, tsc, tscinvbit, avx, avx2, aes, erms, clmul, bmi1, bmi2, adx, avx512f, avx512dq, avx512cd, avx512bw, avx512vl, sha, fma, vzeroupper, avx512_vpopcntdq, avx512_vpclmulqdq, avx512_vaes, avx512_vnni, clflush, clflushopt, clwb, avx512_vbmi2, avx512_vbmi

Memory: 4k page, system-wide physical 15761M (4140M free)
TotalPageFile size 64913M (AvailPageFile size 198M)
current process WorkingSet (physical memory assigned to process): 11M, peak: 11M
current process commit charge ("private bytes"): 60M, peak: 308M

vm_info: OpenJDK 64-Bit Server VM (17.0.4.1+1) for windows-amd64 JRE (17.0.4.1+1), built on Aug 17 2022 07:42:43 by "temurin" with MS VC++ 16.7 (VS2019)

END.
